[backblue.gif]
[fade.gif]
[index.html]
[www.oze-info.com/nonaka/img/top.jpg]
[www.oze-info.com/nonaka/index.html]
[www.oze-info.com/nonaka/img/content_r2_c2_f2.gif]
[www.oze-info.com/nonaka/img/content_r2_c3_f2.gif]
[www.oze-info.com/nonaka/img/content_r2_c5_f2.gif]
[www.oze-info.com/nonaka/img/content_r2_c7_f2.gif]
[www.oze-info.com/nonaka/img/content_r3_c2_f2.gif]
[www.oze-info.com/nonaka/img/content_r3_c4_f2.gif]
[www.oze-info.com/nonaka/img/content_r3_c6_f2.gif]
[www.oze-info.com/nonaka/img/spacer.gif]
[www.oze-info.com/nonaka/img/content_r1_c1.gif]
[www.oze-info.com/nonaka/img/content_r1_c2.gif]
[www.oze-info.com/nonaka/img/content_r2_c2.gif]
[www.oze-info.com/nonaka/img/content_r2_c3.gif]
[www.oze-info.com/nonaka/img/content_r2_c5.gif]
[www.oze-info.com/nonaka/img/content_r2_c7.gif]
[www.oze-info.com/nonaka/img/content_r3_c2.gif]
[www.oze-info.com/nonaka/img/content_r3_c4.gif]
[www.oze-info.com/nonaka/img/content_r3_c6.gif]
[www.oze-info.com/nonaka/img/content_r4_c2.gif]
[www.oze-info.com/nonaka/img/line1.gif]
[www.oze-info.com/nonaka/reservation/img/tit_rate.gif]
[www.oze-info.com/nonaka/img/line2.gif]
[www.oze-info.com/nonaka/reservation/img/tit_reservation.gif]
[www.oze-info.com/nonaka/img/bottom.gif]
[www.oze-info.com/nonaka/reservation/index.html]
[www.oze-info.com/nonaka/new/img/07_winter/07_01_/30_0121_6901.jpg]
[www.oze-info.com/nonaka/new/img/07_winter/07_01_/30_0121_6955.jpg]
[www.oze-info.com/nonaka/new/img/12_winter/20_marunuma.jpg]
[www.oze-info.com/nonaka/new/img/08_winter/08_02_19/30_1166.jpg]
[www.oze-info.com/nonaka/new/img/08_winter/08_02_19/30_1193.jpg]
[www.oze-info.com/nonaka/new/index.html]
[www.oze-info.com/nonaka/img/r_next.gif]
[www.oze-info.com/nonaka/facilities/img/tit.gif]
[www.oze-info.com/nonaka/img/next.gif]
[www.oze-info.com/nonaka/facilities/img/gaikan_yakei.jpg]
[www.oze-info.com/nonaka/facilities/img/mado_yakei.jpg]
[www.oze-info.com/nonaka/facilities/img/restran.jpg]
[www.oze-info.com/nonaka/facilities/index.html]
[www.oze-info.com/nonaka/leisure/img/br_oze.gif]
[www.oze-info.com/nonaka/leisure/img/tit.gif]
[www.oze-info.com/nonaka/leisure/img/b_oze.gif]
[www.oze-info.com/nonaka/leisure/img/pa_shibutu.jpg]
[www.oze-info.com/nonaka/leisure/img/pa_hotaka.jpg]
[www.oze-info.com/nonaka/leisure/img/pa_marunuma.jpg]
[www.oze-info.com/nonaka/leisure/img/pa_shirane.jpg]
[www.oze-info.com/nonaka/leisure/index.html]
[www.oze-info.com/nonaka/ski/img/r_next.gif]
[www.oze-info.com/nonaka/ski/img/tit.gif]
[www.oze-info.com/nonaka/ski/img/next.gif]
[www.oze-info.com/nonaka/ski/img/n_yakei.jpg]
[www.oze-info.com/nonaka/ski/img/n0276.jpg]
[www.oze-info.com/nonaka/ski/img/n_ski8.jpg]
[www.oze-info.com/nonaka/ski/index.html]
[www.oze-info.com/nonaka/access/img/map1.jpg]
[www.oze-info.com/nonaka/access/img/map2.gif]
[www.oze-info.com/nonaka/access/index.html]
[www.oze-info.com/nonaka/index-2.html]
[www.oze-info.com/nonaka/img/text_nonaka.css]
[www.oze-info.com/nonaka/new/img/tit2.gif]
[www.oze-info.com/nonaka/new/img/p1_2/t6128.jpg]
[www.oze-info.com/nonaka/new/img/p1_2/t6204.jpg]
[www.oze-info.com/nonaka/new/img/p1_2/t5782.jpg]
[www.oze-info.com/nonaka/new/img/p1_2/t5814.jpg]
[www.oze-info.com/nonaka/new/img/p1_2/t6202.jpg]
[www.oze-info.com/nonaka/new/img/p1_2/t6173.jpg]
[www.oze-info.com/nonaka/new/img/ta4258.jpg]
[www.oze-info.com/nonaka/new/img/ta4246.jpg]
[www.oze-info.com/nonaka/new/img/ta4926.jpg]
[www.oze-info.com/nonaka/new/img/ta4980.jpg]
[www.oze-info.com/nonaka/new/img/ta4985.jpg]
[www.oze-info.com/nonaka/new/img/ta4916.jpg]
[www.oze-info.com/nonaka/new/img/f1140.jpg]
[www.oze-info.com/nonaka/new/img/f2961.jpg]
[www.oze-info.com/nonaka/new/img/f1323.jpg]
[www.oze-info.com/nonaka/new/img/f1215.jpg]
[www.oze-info.com/nonaka/new/img/f2959.jpg]
[www.oze-info.com/nonaka/new/new1.html]
[www.oze-info.com/nonaka/new/img/f1242.jpg]
[www.oze-info.com/nonaka/img/r_back.gif]
[www.oze-info.com/nonaka/facilities/img/room2.jpg]
[www.oze-info.com/nonaka/facilities/img/room.jpg]
[www.oze-info.com/nonaka/img/back.gif]
[www.oze-info.com/nonaka/facilities/img/bath.jpg]
[www.oze-info.com/nonaka/facilities/img/noren2.jpg]
[www.oze-info.com/nonaka/facilities/img/sauna2.jpg]
[www.oze-info.com/nonaka/facilities/index2.html]
[www.oze-info.com/nonaka/leisure/img/pa_hukiwari.jpg]
[www.oze-info.com/nonaka/leisure/img/pa_konroku.jpg]
[www.oze-info.com/nonaka/leisure/img/f_tanpopo.jpg]
[www.oze-info.com/nonaka/leisure/img/n_murasakihana.jpg]
[www.oze-info.com/nonaka/leisure/img/pa_tanigawa.jpg]
[www.oze-info.com/nonaka/leisure/img/pa_syosokyo.jpg]
[www.oze-info.com/nonaka/leisure/img/f_yanagiran2.jpg]
[www.oze-info.com/nonaka/leisure/img/f_koiyuri.jpg]
[www.oze-info.com/nonaka/leisure/img/n_yanagiran.jpg]
[www.oze-info.com/nonaka/leisure/img/n_hana.jpg]
[www.oze-info.com/nonaka/leisure/img/n_nikoukisuge.jpg]
[www.oze-info.com/nonaka/leisure/img_oze/oze_hana4.jpg]
[www.oze-info.com/nonaka/leisure/img_oze/oze_hana9.jpg]
[www.oze-info.com/nonaka/leisure/index2.html]
[www.oze-info.com/nonaka/leisure/img_oze/tit_oze.gif]
[www.oze-info.com/nonaka/leisure/img_oze/n_oze3.jpg]
[www.oze-info.com/nonaka/leisure/img_oze/f_mizubasyo2.jpg]
[www.oze-info.com/nonaka/leisure/img_oze/f_mizubasyo1.jpg]
[www.oze-info.com/nonaka/leisure/img/n_oze.jpg]
[www.oze-info.com/nonaka/leisure/img_oze/oze_hana8.jpg]
[www.oze-info.com/nonaka/leisure/img_oze/oze_hana3.jpg]
[www.oze-info.com/nonaka/leisure/oze.html]
[www.oze-info.com/nonaka/ski/img/n_ski1.jpg]
[www.oze-info.com/nonaka/ski/img/n_ski6.jpg]
[www.oze-info.com/nonaka/ski/img/n_ski7.jpg]
[www.oze-info.com/nonaka/ski/img/n_ski4.jpg]
[www.oze-info.com/nonaka/ski/index2.html]
[www.oze-info.com/nonaka/ski/now_ski_img/n0276.jpg]
[www.oze-info.com/nonaka/ski/now_ski.html]
[www.oze-info.com/nonaka/new/img/t_4645.jpg]
[www.oze-info.com/nonaka/new/img/t_4655.jpg]
[www.oze-info.com/nonaka/new/img/f_5513.jpg]
[www.oze-info.com/nonaka/new/img/f_5584.jpg]
[www.oze-info.com/nonaka/new/img/t6286.jpg]
[www.oze-info.com/nonaka/new/img/t8105.jpg]
[www.oze-info.com/nonaka/new/img/f_oze_6288.jpg]
[www.oze-info.com/nonaka/new/img/f_oze_6291.jpg]
[www.oze-info.com/nonaka/new/img/f_oze_2335.jpg]
[www.oze-info.com/nonaka/new/img/f_oze_2167.jpg]
[www.oze-info.com/nonaka/new/img/oze1.jpg]
[www.oze-info.com/nonaka/new/img/oze2.jpg]
[www.oze-info.com/nonaka/new/img/mizu_mori.jpg]
[www.oze-info.com/nonaka/new/img/oshimizu3.jpg]
[www.oze-info.com/nonaka/new/img/oze.jpg]
[www.oze-info.com/nonaka/new/new2.html]
[www.oze-info.com/nonaka/leisure/img_oze/n_oze4.jpg]
[www.oze-info.com/nonaka/leisure/img_oze/oze_hana2.jpg]
[www.oze-info.com/nonaka/leisure/img_oze/oze_hana1.jpg]
[www.oze-info.com/nonaka/leisure/img_oze/f_6312.jpg]
[www.oze-info.com/nonaka/leisure/img_oze/oze_hana6.jpg]
[www.oze-info.com/nonaka/leisure/img_oze/oze_hana7.jpg]
[www.oze-info.com/nonaka/leisure/img_oze/f_hitujigusa.jpg]
[www.oze-info.com/nonaka/leisure/img_oze/oze_hana5.jpg]
[www.oze-info.com/nonaka/leisure/img_oze/n_watasuge.jpg]
[www.oze-info.com/nonaka/leisure/oze2.html]
[counter2.yaboo.jp/c.js]
[www.oze-info.com/nonaka/new/img/tit04.gif]
[www.oze-info.com/nonaka/new/img/p03_aki/f_0113.jpg]
[www.oze-info.com/nonaka/new/img/p03_aki/f_0117.jpg]
[www.oze-info.com/nonaka/new/img/p03_aki/no03_10_14.jpg]
[www.oze-info.com/nonaka/new/img/p03_aki/no03_10_14_2.jpg]
[www.oze-info.com/nonaka/new/img/p03_aki/t8990.jpg]
[www.oze-info.com/nonaka/new/img/p03_aki/t9134.jpg]
[www.oze-info.com/nonaka/new/img/p03_aki/t9253.jpg]
[www.oze-info.com/nonaka/new/img/p03_aki/t9153.jpg]
[www.oze-info.com/nonaka/new/img/p03_aki/t_8118.jpg]
[www.oze-info.com/nonaka/new/img/p03_aki/t_1785.jpg]
[www.oze-info.com/nonaka/new/new3.html]
[www.oze-info.com/nonaka/new/img/photo04_1_/t9874.jpg]
[www.oze-info.com/nonaka/new/img/photo04_1_/t9860.jpg]
[www.oze-info.com/nonaka/new/img/photo04_1_/t9374.jpg]
[www.oze-info.com/nonaka/new/img/photo04_1_/t9412.jpg]
[www.oze-info.com/nonaka/new/img/photo04_1_/t8634.jpg]
[www.oze-info.com/nonaka/new/img/photo04_1_/t8720.jpg]
[www.oze-info.com/nonaka/new/img/photo04_1_/t8561.jpg]
[www.oze-info.com/nonaka/new/img/photo04_1_/t8587.jpg]
[www.oze-info.com/nonaka/new/img/t8086.jpg]
[www.oze-info.com/nonaka/new/img/t8084.jpg]
[www.oze-info.com/nonaka/new/new4.html]
[www.oze-info.com/nonaka/new/kouyo03/img/nonaka09.jpg]
[www.oze-info.com/nonaka/new/kouyo03/img/nonaka07.jpg]
[www.oze-info.com/nonaka/new/kouyo03/img/nonaka03.jpg]
[www.oze-info.com/nonaka/new/kouyo03/img/nonaka13.jpg]
[www.oze-info.com/nonaka/new/kouyo03/img/nonaka06.jpg]
[www.oze-info.com/nonaka/new/kouyo03/img/nonaka15.jpg]
[www.oze-info.com/nonaka/new/kouyo03/img/nonaka02.jpg]
[www.oze-info.com/nonaka/new/kouyo03/img/nonaka04.jpg]
[www.oze-info.com/nonaka/new/kouyo03/img/nonaka05.jpg]
[www.oze-info.com/nonaka/new/kouyo03/img/nonaka01.jpg]
[www.oze-info.com/nonaka/new/kouyo03/img/nonaka12.jpg]
[www.oze-info.com/nonaka/new/kouyo03/img/nonaka10.jpg]
[www.oze-info.com/nonaka/new/kouyo03/index.html]
[www.oze-info.com/nonaka/new/img/photo04_4_/t_7665.jpg]
[www.oze-info.com/nonaka/new/img/photo04_4_/t_6819.jpg]
[www.oze-info.com/nonaka/new/img/photo04_4_/t_6478.jpg]
[www.oze-info.com/nonaka/new/img/photo04_4_/t_6521.jpg]
[www.oze-info.com/nonaka/new/img/photo04_4_/t_4413.jpg]
[www.oze-info.com/nonaka/new/img/photo04_4_/t_4403.jpg]
[www.oze-info.com/nonaka/new/img/photo04_4_/t_1216.jpg]
[www.oze-info.com/nonaka/new/img/photo04_4_/t_1564.jpg]
[www.oze-info.com/nonaka/new/img/photo04_4_/f2167.jpg]
[www.oze-info.com/nonaka/new/img/photo04_4_/f_6078.jpg]
[www.oze-info.com/nonaka/new/img/photo04_4_/t_6475.jpg]
[www.oze-info.com/nonaka/new/img/photo04_4_/t_6596.jpg]
[www.oze-info.com/nonaka/new/img/photo04_4_/t2829.jpg]
[www.oze-info.com/nonaka/new/img/photo04_4_/t2767.jpg]
[www.oze-info.com/nonaka/new/img/photo04_2_/t1282.jpg]
[www.oze-info.com/nonaka/new/img/photo04_2_/t1304.jpg]
[www.oze-info.com/nonaka/new/img/photo04_2_/t0418.jpg]
[www.oze-info.com/nonaka/new/img/photo04_2_/t0336.jpg]
[www.oze-info.com/nonaka/new/img/photo04_2_/t9975.jpg]
[www.oze-info.com/nonaka/new/img/photo04_2_/t9980.jpg]
[www.oze-info.com/nonaka/new/new5.html]
[www.oze-info.com/nonaka/new/img/tit05.gif]
[www.oze-info.com/nonaka/new/img/05_6/DSCN0015.jpg]
[www.oze-info.com/nonaka/new/img/05_6/DSC_3592.jpg]
[www.oze-info.com/nonaka/new/img/05_6/ooshimizu.jpg]
[www.oze-info.com/nonaka/new/img/05_6/oshimizu1.jpg]
[www.oze-info.com/nonaka/new/img/05_6/mizubasyo.jpg]
[www.oze-info.com/nonaka/new/img/05_6/mizubasyo_yoru.jpg]
[www.oze-info.com/nonaka/new/new6.html]
[www.oze-info.com/nonaka/new/gassyuku04/img/t_6466.jpg]
[www.oze-info.com/nonaka/new/gassyuku04/img/t_6481.jpg]
[www.oze-info.com/nonaka/new/gassyuku04/img/t_6470.jpg]
[www.oze-info.com/nonaka/new/gassyuku04/img/t_6479.jpg]
[www.oze-info.com/nonaka/new/gassyuku04/img/t_6472.jpg]
[www.oze-info.com/nonaka/new/gassyuku04/img/t_6478.jpg]
[www.oze-info.com/nonaka/new/gassyuku04/index.html]
[www.oze-info.com/nonaka/new/img/05_9/300_9024.jpg]
[www.oze-info.com/nonaka/new/img/05_9/640_9024.jpg]
[www.oze-info.com/nonaka/new/img/05_9/300_0427.jpg]
[www.oze-info.com/nonaka/new/img/05_9/640_0427.jpg]
[www.oze-info.com/nonaka/new/img/05_9/300_0271.jpg]
[www.oze-info.com/nonaka/new/img/05_9/640_0271.jpg]
[www.oze-info.com/nonaka/new/img/05_9/300_5030.jpg]
[www.oze-info.com/nonaka/new/img/05_9/640_5030.jpg]
[www.oze-info.com/nonaka/new/img/botan.jpg]
[www.oze-info.com/nonaka/new/img/05_8/300_0039.jpg]
[www.oze-info.com/nonaka/new/img/05_8/640_0039.jpg]
[www.oze-info.com/nonaka/new/img/05_8/300_0014.jpg]
[www.oze-info.com/nonaka/new/img/05_8/640_0014.jpg]
[www.oze-info.com/nonaka/new/img/05_8/300_0784.jpg]
[www.oze-info.com/nonaka/new/img/05_8/640_0784.jpg]
[www.oze-info.com/nonaka/new/img/05_8/400_1613.jpg]
[www.oze-info.com/nonaka/new/img/05_8/640_1613.jpg]
[www.oze-info.com/nonaka/new/img/05_7/300_5894.jpg]
[www.oze-info.com/nonaka/new/img/05_7/640_5894.jpg]
[www.oze-info.com/nonaka/new/img/05_7/300_5526.jpg]
[www.oze-info.com/nonaka/new/img/05_7/640_5526.jpg]
[www.oze-info.com/nonaka/new/img/05_7/300_5927.jpg]
[www.oze-info.com/nonaka/new/img/05_7/640_5927.jpg]
[www.oze-info.com/nonaka/new/img/05_7/300_5953.jpg]
[www.oze-info.com/nonaka/new/img/05_7/640_5953.jpg]
[www.oze-info.com/nonaka/new/img/05_7/300_8931.jpg]
[www.oze-info.com/nonaka/new/img/05_7/640_8931.jpg]
[www.oze-info.com/nonaka/new/img/05_7/300_8105.jpg]
[www.oze-info.com/nonaka/new/img/05_7/640_8105.jpg]
[www.oze-info.com/nonaka/new/img/05_7/300_8940.jpg]
[www.oze-info.com/nonaka/new/img/05_7/640_8940.jpg]
[www.oze-info.com/nonaka/new/img/05_7/300_8943.jpg]
[www.oze-info.com/nonaka/new/img/05_7/640_8943.jpg]
[www.oze-info.com/nonaka/new/new7.html]
[www.oze-info.com/nonaka/new/gassyuku04/img2/t_6535.jpg]
[www.oze-info.com/nonaka/new/gassyuku04/img2/t_6526.jpg]
[www.oze-info.com/nonaka/new/gassyuku04/img2/t_6557.jpg]
[www.oze-info.com/nonaka/new/gassyuku04/img2/t_6566.jpg]
[www.oze-info.com/nonaka/new/gassyuku04/img2/t_6569.jpg]
[www.oze-info.com/nonaka/new/gassyuku04/img2/t_6521.jpg]
[www.oze-info.com/nonaka/new/gassyuku04/img2/t_6544.jpg]
[www.oze-info.com/nonaka/new/gassyuku04/img2/t_6543.jpg]
[www.oze-info.com/nonaka/new/gassyuku04/img2/t_6515.jpg]
[www.oze-info.com/nonaka/new/gassyuku04/img2/t_6567.jpg]
[www.oze-info.com/nonaka/new/gassyuku04/img2/t_6561.jpg]
[www.oze-info.com/nonaka/new/gassyuku04/img2/t_6529.jpg]
[www.oze-info.com/nonaka/new/gassyuku04/index2.html]
[www.oze-info.com/nonaka/new/img/06_winter/DSC_0698.jpg]
[www.oze-info.com/nonaka/new/img/06_winter/30_0502_6790.jpg]
[www.oze-info.com/nonaka/new/img/06_winter/64_0502_6790.jpg]
[www.oze-info.com/nonaka/new/img/06_winter/30_0502_6825.jpg]
[www.oze-info.com/nonaka/new/img/06_winter/64_0502_6825.jpg]
[www.oze-info.com/nonaka/new/img/05_12/newyear_dog2.jpg]
[www.oze-info.com/nonaka/new/img/05_12/DSC_5363.jpg]
[www.oze-info.com/nonaka/ski/now_ski_img/hanabi.jpg]
[www.oze-info.com/nonaka/new/img/05_12/30_0512_9323.jpg]
[www.oze-info.com/nonaka/new/img/05_12/64_0512_9323.jpg]
[www.oze-info.com/nonaka/new/img/05_12/30_0512_9295.jpg]
[www.oze-info.com/nonaka/new/img/05_12/64_0512_9295.jpg]
[www.oze-info.com/nonaka/new/img/05_12/30_0512_9343.jpg]
[www.oze-info.com/nonaka/new/img/05_12/64_0512_9343.jpg]
[www.oze-info.com/nonaka/new/img/05_12/30_0512_9362.jpg]
[www.oze-info.com/nonaka/new/img/05_12/64_0512_9362.jpg]
[www.oze-info.com/nonaka/new/new8.html]
[www.oze-info.com/nonaka/new/gassyuku05/thumbnails/DSC_2201.jpg]
[www.oze-info.com/nonaka/new/gassyuku05/thumbnails/DSC_2203.jpg]
[www.oze-info.com/nonaka/new/gassyuku05/thumbnails/DSC_2208.jpg]
[www.oze-info.com/nonaka/new/gassyuku05/thumbnails/DSC_2210.jpg]
[www.oze-info.com/nonaka/new/gassyuku05/thumbnails/DSC_2214.jpg]
[www.oze-info.com/nonaka/new/gassyuku05/thumbnails/DSC_2217.jpg]
[www.oze-info.com/nonaka/new/gassyuku05/thumbnails/DSC_2220.jpg]
[www.oze-info.com/nonaka/new/gassyuku05/thumbnails/DSC_2224.jpg]
[www.oze-info.com/nonaka/new/gassyuku05/thumbnails/DSC_2225.jpg]
[www.oze-info.com/nonaka/new/gassyuku05/thumbnails/DSC_2227.jpg]
[www.oze-info.com/nonaka/new/gassyuku05/thumbnails/DSC_2228.jpg]
[www.oze-info.com/nonaka/new/gassyuku05/thumbnails/DSC_2230.jpg]
[www.oze-info.com/nonaka/new/gassyuku05/thumbnails/DSC_2540.jpg]
[www.oze-info.com/nonaka/new/gassyuku05/thumbnails/DSC_2541.jpg]
[www.oze-info.com/nonaka/new/gassyuku05/thumbnails/DSC_2542.jpg]
[www.oze-info.com/nonaka/new/gassyuku05/thumbnails/DSC_2543.jpg]
[www.oze-info.com/nonaka/new/gassyuku05/thumbnails/DSC_2544.jpg]
[www.oze-info.com/nonaka/new/gassyuku05/thumbnails/DSC_2546.jpg]
[www.oze-info.com/nonaka/new/gassyuku05/thumbnails/DSC_2548.jpg]
[www.oze-info.com/nonaka/new/gassyuku05/thumbnails/DSC_2549.jpg]
[www.oze-info.com/nonaka/new/gassyuku05/thumbnails/DSC_2551.jpg]
[www.oze-info.com/nonaka/new/gassyuku05/thumbnails/DSC_2553.jpg]
[www.oze-info.com/nonaka/new/gassyuku05/thumbnails/DSC_2554.jpg]
[www.oze-info.com/nonaka/new/gassyuku05/thumbnails/DSC_2556.jpg]
[www.oze-info.com/nonaka/new/gassyuku05/thumbnails/DSC_2558.jpg]
[www.oze-info.com/nonaka/new/gassyuku05/thumbnails/DSC_2559.jpg]
[www.oze-info.com/nonaka/new/gassyuku05/thumbnails/DSC_2560.jpg]
[www.oze-info.com/nonaka/new/gassyuku05/thumbnails/DSC_2561.jpg]
[www.oze-info.com/nonaka/new/gassyuku05/thumbnails/DSC_2566.jpg]
[www.oze-info.com/nonaka/new/gassyuku05/index.html]
[www.oze-info.com/nonaka/new/img/06_5/35_0505hara_4.jpg]
[www.oze-info.com/nonaka/new/img/06_5/35_0504shibutu_6.jpg]
[www.oze-info.com/nonaka/new/img/06_5/35_0605mizumori_4.jpg]
[www.oze-info.com/nonaka/new/new9.html]
[www.oze-info.com/nonaka/new/img/06_5/35_0605oshimizu_1.jpg]
[www.oze-info.com/nonaka/new/gassyuku05/images/home.gif]
[www.oze-info.com/nonaka/new/gassyuku05/images/next.gif]
[www.oze-info.com/nonaka/new/gassyuku05/images/DSC_2201.jpg]
[www.oze-info.com/nonaka/new/gassyuku05/pages/DSC_2201.html]
[www.oze-info.com/nonaka/new/gassyuku05/images/previous.gif]
[www.oze-info.com/nonaka/new/gassyuku05/images/DSC_2203.jpg]
[www.oze-info.com/nonaka/new/gassyuku05/pages/DSC_2203.html]
[www.oze-info.com/nonaka/new/gassyuku05/images/DSC_2208.jpg]
[www.oze-info.com/nonaka/new/gassyuku05/pages/DSC_2208.html]
[www.oze-info.com/nonaka/new/gassyuku05/images/DSC_2210.jpg]
[www.oze-info.com/nonaka/new/gassyuku05/pages/DSC_2210.html]
[www.oze-info.com/nonaka/new/gassyuku05/images/DSC_2214.jpg]
[www.oze-info.com/nonaka/new/gassyuku05/pages/DSC_2214.html]
[www.oze-info.com/nonaka/new/gassyuku05/images/DSC_2217.jpg]
[www.oze-info.com/nonaka/new/gassyuku05/pages/DSC_2217.html]
[www.oze-info.com/nonaka/new/gassyuku05/images/DSC_2220.jpg]
[www.oze-info.com/nonaka/new/gassyuku05/pages/DSC_2220.html]
[www.oze-info.com/nonaka/new/gassyuku05/images/DSC_2224.jpg]
[www.oze-info.com/nonaka/new/gassyuku05/pages/DSC_2224.html]
[www.oze-info.com/nonaka/new/gassyuku05/images/DSC_2225.jpg]
[www.oze-info.com/nonaka/new/gassyuku05/pages/DSC_2225.html]
[www.oze-info.com/nonaka/new/gassyuku05/images/DSC_2227.jpg]
[www.oze-info.com/nonaka/new/gassyuku05/pages/DSC_2227.html]
[www.oze-info.com/nonaka/new/gassyuku05/images/DSC_2228.jpg]
[www.oze-info.com/nonaka/new/gassyuku05/pages/DSC_2228.html]
[www.oze-info.com/nonaka/new/gassyuku05/images/DSC_2230.jpg]
[www.oze-info.com/nonaka/new/gassyuku05/pages/DSC_2230.html]
[www.oze-info.com/nonaka/new/gassyuku05/images/DSC_2540.jpg]
[www.oze-info.com/nonaka/new/gassyuku05/pages/DSC_2540.html]
[www.oze-info.com/nonaka/new/gassyuku05/images/DSC_2541.jpg]
[www.oze-info.com/nonaka/new/gassyuku05/pages/DSC_2541.html]
[www.oze-info.com/nonaka/new/gassyuku05/images/DSC_2542.jpg]
[www.oze-info.com/nonaka/new/gassyuku05/pages/DSC_2542.html]
[www.oze-info.com/nonaka/new/gassyuku05/images/DSC_2543.jpg]
[www.oze-info.com/nonaka/new/gassyuku05/pages/DSC_2543.html]
[www.oze-info.com/nonaka/new/gassyuku05/images/DSC_2544.jpg]
[www.oze-info.com/nonaka/new/gassyuku05/pages/DSC_2544.html]
[www.oze-info.com/nonaka/new/gassyuku05/images/DSC_2546.jpg]
[www.oze-info.com/nonaka/new/gassyuku05/pages/DSC_2546.html]
[www.oze-info.com/nonaka/new/gassyuku05/images/DSC_2548.jpg]
[www.oze-info.com/nonaka/new/gassyuku05/pages/DSC_2548.html]
[www.oze-info.com/nonaka/new/gassyuku05/images/DSC_2549.jpg]
[www.oze-info.com/nonaka/new/gassyuku05/pages/DSC_2549.html]
[www.oze-info.com/nonaka/new/gassyuku05/images/DSC_2551.jpg]
[www.oze-info.com/nonaka/new/gassyuku05/pages/DSC_2551.html]
[www.oze-info.com/nonaka/new/gassyuku05/images/DSC_2553.jpg]
[www.oze-info.com/nonaka/new/gassyuku05/pages/DSC_2553.html]
[www.oze-info.com/nonaka/new/gassyuku05/images/DSC_2554.jpg]
[www.oze-info.com/nonaka/new/gassyuku05/pages/DSC_2554.html]
[www.oze-info.com/nonaka/new/gassyuku05/images/DSC_2556.jpg]
[www.oze-info.com/nonaka/new/gassyuku05/pages/DSC_2556.html]
[www.oze-info.com/nonaka/new/gassyuku05/images/DSC_2558.jpg]
[www.oze-info.com/nonaka/new/gassyuku05/pages/DSC_2558.html]
[www.oze-info.com/nonaka/new/gassyuku05/images/DSC_2559.jpg]
[www.oze-info.com/nonaka/new/gassyuku05/pages/DSC_2559.html]
[www.oze-info.com/nonaka/new/gassyuku05/images/DSC_2560.jpg]
[www.oze-info.com/nonaka/new/gassyuku05/pages/DSC_2560.html]
[www.oze-info.com/nonaka/new/gassyuku05/images/DSC_2561.jpg]
[www.oze-info.com/nonaka/new/gassyuku05/pages/DSC_2561.html]
[www.oze-info.com/nonaka/new/gassyuku05/images/DSC_2566.jpg]
[www.oze-info.com/nonaka/new/gassyuku05/pages/DSC_2566.html]
[www.oze-info.com/nonaka/new/img/06_10/10_9/30_1009_1031.jpg]
[www.oze-info.com/nonaka/new/img/06_10/10_9/64_1009_1031.jpg]
[www.oze-info.com/nonaka/new/img/06_10/10_9/30_1009_1051.jpg]
[www.oze-info.com/nonaka/new/img/06_10/10_9/64_1009_1051.jpg]
[www.oze-info.com/nonaka/new/img/06_10/10_9/30_1009_1085.jpg]
[www.oze-info.com/nonaka/new/img/06_10/10_9/64_1009_1085.jpg]
[www.oze-info.com/nonaka/new/img/06_10/10_9/30_1009_1114.jpg]
[www.oze-info.com/nonaka/new/img/06_10/10_9/64_1009_1114.jpg]
[www.oze-info.com/nonaka/new/img/06_10/300_0450.jpg]
[www.oze-info.com/nonaka/new/img/06_10/640_0450.jpg]
[www.oze-info.com/nonaka/new/img/06_10/300_0284.jpg]
[www.oze-info.com/nonaka/new/img/06_10/640_0284.jpg]
[www.oze-info.com/nonaka/new/img/06_08/30_0815_8302.jpg]
[www.oze-info.com/nonaka/new/img/06_08/48_0815_8302.jpg]
[www.oze-info.com/nonaka/new/img/06_08/30_0815_8319.jpg]
[www.oze-info.com/nonaka/new/img/06_08/48_0815_8319.jpg]
[www.oze-info.com/nonaka/new/img/06_08/30_0816_8672.jpg]
[www.oze-info.com/nonaka/new/img/06_08/48_0816_8672.jpg]
[www.oze-info.com/nonaka/new/img/06_08/30_0815_8204.jpg]
[www.oze-info.com/nonaka/new/img/06_08/48_0815_8204.jpg]
[www.oze-info.com/nonaka/new/img/06_07/7_30/30_0730_5160.jpg]
[www.oze-info.com/nonaka/new/img/06_07/7_30/64_0730_5160.jpg]
[www.oze-info.com/nonaka/new/img/06_07/7_30/30_0730_5262.jpg]
[www.oze-info.com/nonaka/new/img/06_07/7_30/64_0730_5262.jpg]
[www.oze-info.com/nonaka/new/img/06_07/7_30/30_0730_5420.jpg]
[www.oze-info.com/nonaka/new/img/06_07/7_30/64_0730_5420.jpg]
[www.oze-info.com/nonaka/new/img/06_07/7_30/30_0730_5202.jpg]
[www.oze-info.com/nonaka/new/img/06_07/7_30/64_0730_5202.jpg]
[www.oze-info.com/nonaka/new/img/06_07/7_23/30_0723_3994.jpg]
[www.oze-info.com/nonaka/new/img/06_07/7_23/48_0723_3994.jpg]
[www.oze-info.com/nonaka/new/img/06_07/7_23/30_0723_4409.jpg]
[www.oze-info.com/nonaka/new/img/06_07/7_23/48_0723_4409.jpg]
[www.oze-info.com/nonaka/new/img/06_07/7_23/30_0723_4595.jpg]
[www.oze-info.com/nonaka/new/img/06_07/7_23/48_0723_4595.jpg]
[www.oze-info.com/nonaka/new/img/06_07/7_23/30_0723_4154.jpg]
[www.oze-info.com/nonaka/new/img/06_07/7_23/48_0723_4154.jpg]
[www.oze-info.com/nonaka/new/img/06_06/6_10springcup/30_0610_1688.jpg]
[www.oze-info.com/nonaka/new/img/06_06/6_10springcup/64_0610_1688.jpg]
[www.oze-info.com/nonaka/new/img/06_06/6_10springcup/30_0610_1691.jpg]
[www.oze-info.com/nonaka/new/img/06_06/6_10springcup/64_0610_1691.jpg]
[www.oze-info.com/nonaka/new/img/06_06/6_10springcup/30_0610_1699.jpg]
[www.oze-info.com/nonaka/new/img/06_06/6_10springcup/64_0610_1699.jpg]
[www.oze-info.com/nonaka/new/img/06_06/6_10springcup/30_0610_1714.jpg]
[www.oze-info.com/nonaka/new/img/06_06/6_10springcup/64_0610_1714.jpg]
[www.oze-info.com/nonaka/new/img/06_06/6_10springcup/30_0610_1858.jpg]
[www.oze-info.com/nonaka/new/img/06_06/6_10springcup/64_0610_1858.jpg]
[www.oze-info.com/nonaka/new/img/06_06/6_10springcup/30_0610_1882.jpg]
[www.oze-info.com/nonaka/new/img/06_06/6_10springcup/64_0610_1882.jpg]
[www.oze-info.com/nonaka/new/img/06_06/6_04/30_0604_0401.jpg]
[www.oze-info.com/nonaka/new/img/06_06/6_04/64_0604_0401.jpg]
[www.oze-info.com/nonaka/new/img/06_06/6_04/30_0604_0417.jpg]
[www.oze-info.com/nonaka/new/img/06_06/6_04/64_0604_0417.jpg]
[www.oze-info.com/nonaka/new/img/06_06/6_04/30_0604_0369.jpg]
[www.oze-info.com/nonaka/new/img/06_06/6_04/64_0604_0369.jpg]
[www.oze-info.com/nonaka/new/img/06_06/6_04/30_0604_0593.jpg]
[www.oze-info.com/nonaka/new/img/06_06/6_04/64_0604_0593.jpg]
[www.oze-info.com/nonaka/new/new10.html]
[www.oze-info.com/nonaka/new/img/07_winter/07_02_/30_0203_8568.jpg]
[www.oze-info.com/nonaka/new/img/07_winter/07_02_/60_0203_8568.jpg]
[www.oze-info.com/nonaka/new/img/07_winter/07_02_/30_0203_8764.jpg]
[www.oze-info.com/nonaka/new/img/07_winter/07_02_/60_0203_8764.jpg]
[www.oze-info.com/nonaka/new/img/07_winter/07_02_/35_0203_8610.jpg]
[www.oze-info.com/nonaka/new/img/07_winter/07_02_/60_0203_8610.jpg]
[www.oze-info.com/nonaka/new/img/07_winter/07_02_/35_0203_8571.jpg]
[www.oze-info.com/nonaka/new/img/07_winter/07_02_/60_0203_8571.jpg]
[www.oze-info.com/nonaka/new/img/07_winter/07_01_/30_0121_6777.jpg]
[www.oze-info.com/nonaka/new/img/07_winter/07_01_/60_0121_6777.jpg]
[www.oze-info.com/nonaka/new/img/07_winter/07_01_/60_0121_6901.jpg]
[www.oze-info.com/nonaka/new/img/07_winter/07_01_/30_0121_6922.jpg]
[www.oze-info.com/nonaka/new/img/07_winter/07_01_/60_0121_6922.jpg]
[www.oze-info.com/nonaka/new/img/07_winter/07_01_/60_0121_6955.jpg]
[www.oze-info.com/nonaka/new/img/07_winter/07_01_/30_0108_6391.jpg]
[www.oze-info.com/nonaka/new/img/07_winter/07_01_/64_0108_6391.jpg]
[www.oze-info.com/nonaka/new/img/07_winter/07_01_/30_0108_6397.jpg]
[www.oze-info.com/nonaka/new/img/07_winter/07_01_/64_0108_6397.jpg]
[www.oze-info.com/nonaka/new/img/07_winter/07_01_/30_0103_5681.jpg]
[www.oze-info.com/nonaka/new/img/07_winter/07_01_/64_0103_5681.jpg]
[www.oze-info.com/nonaka/new/img/07_winter/07_01_/30_0103_5694.jpg]
[www.oze-info.com/nonaka/new/img/07_winter/07_01_/64_0103_5694.jpg]
[www.oze-info.com/nonaka/new/img/07_winter/07_01_/30_0101_5413.jpg]
[www.oze-info.com/nonaka/new/img/07_winter/07_01_/64_0101_5413.jpg]
[www.oze-info.com/nonaka/new/img/07_winter/07_01_/30_0101_5344.jpg]
[www.oze-info.com/nonaka/new/img/07_winter/07_01_/64_0101_5344.jpg]
[www.oze-info.com/nonaka/new/img/07_winter/06_12_31/30_1231_5279.jpg]
[www.oze-info.com/nonaka/new/img/07_winter/06_12_31/64_1231_5279.jpg]
[www.oze-info.com/nonaka/new/img/07_winter/06_12_31/30_1231_5283.jpg]
[www.oze-info.com/nonaka/new/img/07_winter/06_12_31/64_1231_5283.jpg]
[www.oze-info.com/nonaka/new/img/07_winter/06_12_31/30_1231_5174.jpg]
[www.oze-info.com/nonaka/new/img/07_winter/06_12_31/64_1231_5174.jpg]
[www.oze-info.com/nonaka/new/img/07_winter/06_12_31/30_1231_5242.jpg]
[www.oze-info.com/nonaka/new/img/07_winter/06_12_31/64_1231_5242.jpg]
[www.oze-info.com/nonaka/new/img/07_winter/night_2.jpg]
[www.oze-info.com/nonaka/new/img/07_winter/12_09/30_1209_4294.jpg]
[www.oze-info.com/nonaka/new/img/07_winter/12_09/64_1209_4294.jpg]
[www.oze-info.com/nonaka/new/img/07_winter/12_09/30_1209_4270.jpg]
[www.oze-info.com/nonaka/new/img/07_winter/12_09/64_1209_4270.jpg]
[www.oze-info.com/nonaka/new/img/07_winter/12_09/30_1209_4222.jpg]
[www.oze-info.com/nonaka/new/img/07_winter/12_09/64_1209_4222.jpg]
[www.oze-info.com/nonaka/new/img/07_winter/12_09/30_1209_4201.jpg]
[www.oze-info.com/nonaka/new/img/07_winter/12_09/64_1209_4201.jpg]
[www.oze-info.com/nonaka/new/img/06_11/30_1103_2735.jpg]
[www.oze-info.com/nonaka/new/img/06_11/48_1103_2735.jpg]
[www.oze-info.com/nonaka/new/img/06_11/30_1103_2848.jpg]
[www.oze-info.com/nonaka/new/img/06_11/48_1103_2848.jpg]
[www.oze-info.com/nonaka/new/new11.html]
[www.oze-info.com/nonaka/new/06_6_10springcup/thumbnails/DSC_1560.jpg]
[www.oze-info.com/nonaka/new/06_6_10springcup/thumbnails/DSC_1688.jpg]
[www.oze-info.com/nonaka/new/06_6_10springcup/thumbnails/DSC_1691.jpg]
[www.oze-info.com/nonaka/new/06_6_10springcup/thumbnails/DSC_1699.jpg]
[www.oze-info.com/nonaka/new/06_6_10springcup/thumbnails/DSC_1702.jpg]
[www.oze-info.com/nonaka/new/06_6_10springcup/thumbnails/DSC_1704.jpg]
[www.oze-info.com/nonaka/new/06_6_10springcup/thumbnails/DSC_1705.jpg]
[www.oze-info.com/nonaka/new/06_6_10springcup/thumbnails/DSC_1714.jpg]
[www.oze-info.com/nonaka/new/06_6_10springcup/thumbnails/DSC_1717.jpg]
[www.oze-info.com/nonaka/new/06_6_10springcup/thumbnails/DSC_1719.jpg]
[www.oze-info.com/nonaka/new/06_6_10springcup/thumbnails/DSC_1731.jpg]
[www.oze-info.com/nonaka/new/06_6_10springcup/thumbnails/DSC_1773.jpg]
[www.oze-info.com/nonaka/new/06_6_10springcup/thumbnails/DSC_1775.jpg]
[www.oze-info.com/nonaka/new/06_6_10springcup/thumbnails/DSC_1789.jpg]
[www.oze-info.com/nonaka/new/06_6_10springcup/thumbnails/DSC_1793.jpg]
[www.oze-info.com/nonaka/new/06_6_10springcup/thumbnails/DSC_1795.jpg]
[www.oze-info.com/nonaka/new/06_6_10springcup/thumbnails/DSC_1798.jpg]
[www.oze-info.com/nonaka/new/06_6_10springcup/thumbnails/DSC_1799.jpg]
[www.oze-info.com/nonaka/new/06_6_10springcup/thumbnails/DSC_1809.jpg]
[www.oze-info.com/nonaka/new/06_6_10springcup/thumbnails/DSC_1810.jpg]
[www.oze-info.com/nonaka/new/06_6_10springcup/thumbnails/DSC_1836.jpg]
[www.oze-info.com/nonaka/new/06_6_10springcup/thumbnails/DSC_1858.jpg]
[www.oze-info.com/nonaka/new/06_6_10springcup/thumbnails/DSC_1860.jpg]
[www.oze-info.com/nonaka/new/06_6_10springcup/thumbnails/DSC_1868.jpg]
[www.oze-info.com/nonaka/new/06_6_10springcup/thumbnails/DSC_1871.jpg]
[www.oze-info.com/nonaka/new/06_6_10springcup/thumbnails/DSC_1874.jpg]
[www.oze-info.com/nonaka/new/06_6_10springcup/thumbnails/DSC_1882.jpg]
[www.oze-info.com/nonaka/new/06_6_10springcup/index.html]
[www.oze-info.com/nonaka/new/img/07_green/11_12/fukiware200_8373.jpg]
[www.oze-info.com/nonaka/new/img/07_green/11_12/fukiware640_8373.jpg]
[www.oze-info.com/nonaka/new/img/07_green/11_12/fukiware200_7732.jpg]
[www.oze-info.com/nonaka/new/img/07_green/11_12/fukiware640_7732.jpg]
[www.oze-info.com/nonaka/new/img/07_green/11_12/fukiware200_8404.jpg]
[www.oze-info.com/nonaka/new/img/07_green/11_12/fukiware640_8404.jpg]
[www.oze-info.com/nonaka/new/new12.html]
[www.oze-info.com/nonaka/ski/katashina_evevt.html]
[www.oze-info.com/nonaka/new/img/08_winter/08_02_19/64_1166.jpg]
[www.oze-info.com/nonaka/new/img/08_winter/08_02_19/30_1139.jpg]
[www.oze-info.com/nonaka/new/img/08_winter/08_02_19/64_1139.jpg]
[www.oze-info.com/nonaka/new/img/08_winter/08_02_19/64_1193.jpg]
[www.oze-info.com/nonaka/new/img/08_winter/08_02_05/30_1103.jpg]
[www.oze-info.com/nonaka/new/img/08_winter/08_02_05/64_1103.jpg]
[www.oze-info.com/nonaka/new/img/08_winter/08_02_05/30_1096.jpg]
[www.oze-info.com/nonaka/new/img/08_winter/08_02_05/64_1096.jpg]
[www.oze-info.com/nonaka/new/img/08_winter/08_02_05/30_1125.jpg]
[www.oze-info.com/nonaka/new/img/08_winter/08_02_05/64_1125.jpg]
[www.oze-info.com/nonaka/new/img/08_winter/08_01_19/30_0998.jpg]
[www.oze-info.com/nonaka/new/img/08_winter/08_01_19/64_0998.jpg]
[www.oze-info.com/nonaka/new/img/08_winter/08_01_19/30_1002.jpg]
[www.oze-info.com/nonaka/new/img/08_winter/08_01_19/64_1002.jpg]
[www.oze-info.com/nonaka/new/img/08_winter/08_01_19/30_1004.jpg]
[www.oze-info.com/nonaka/new/img/08_winter/08_01_19/64_1004.jpg]
[www.oze-info.com/nonaka/new/img/08_winter/08_01_04/30_0425.jpg]
[www.oze-info.com/nonaka/new/img/08_winter/08_01_04/64_0425.jpg]
[www.oze-info.com/nonaka/new/img/08_winter/08_01_04/30_0427.jpg]
[www.oze-info.com/nonaka/new/img/08_winter/08_01_04/64_0427.jpg]
[www.oze-info.com/nonaka/new/img/08_winter/08_01_04/30_0437.jpg]
[www.oze-info.com/nonaka/new/img/08_winter/08_01_04/64_0437.jpg]
[www.oze-info.com/nonaka/new/img/08_winter/07_12_31/30_0169.jpg]
[www.oze-info.com/nonaka/new/img/08_winter/07_12_31/64_0169.jpg]
[www.oze-info.com/nonaka/new/img/08_winter/07_12_31/30_0180.jpg]
[www.oze-info.com/nonaka/new/img/08_winter/07_12_31/64_0180.jpg]
[www.oze-info.com/nonaka/new/img/08_winter/07_12_31/30_0208.jpg]
[www.oze-info.com/nonaka/new/img/08_winter/07_12_31/64_0208.jpg]
[www.oze-info.com/nonaka/new/img/08_winter/07_12_08/30_9684.jpg]
[www.oze-info.com/nonaka/new/img/08_winter/07_12_08/64_9684.jpg]
[www.oze-info.com/nonaka/new/img/08_winter/07_12_08/30_9689.jpg]
[www.oze-info.com/nonaka/new/img/08_winter/07_12_08/64_9689.jpg]
[www.oze-info.com/nonaka/new/img/08_winter/07_12_08/30_9701.jpg]
[www.oze-info.com/nonaka/new/img/08_winter/07_12_08/64_9701.jpg]
[www.oze-info.com/nonaka/new/img/07_green/11_20/30_9013.jpg]
[www.oze-info.com/nonaka/new/img/07_green/11_20/64_9013.jpg]
[www.oze-info.com/nonaka/new/img/07_green/11_20/30_9017.jpg]
[www.oze-info.com/nonaka/new/img/07_green/11_20/64_9017.jpg]
[www.oze-info.com/nonaka/new/img/07_green/11_20/30_9018.jpg]
[www.oze-info.com/nonaka/new/img/07_green/11_20/64_9018.jpg]
[www.oze-info.com/nonaka/new/new13.html]
